{"/Users/Inlife/Projects/noxcaos-render/nexrender/renderer/tasks/setup.js":{"path":"/Users/Inlife/Projects/noxcaos-render/nexrender/renderer/tasks/setup.js","s":{"1":1,"2":1,"3":1,"4":1,"5":1,"6":1,"7":5,"8":5,"9":5,"10":5,"11":4,"12":4,"13":4,"14":1,"15":1,"16":3,"17":3},"b":{"1":[1,0],"2":[1,0],"3":[1,0],"4":[1,1],"5":[0,3]},"f":{"1":5},"fnMap":{"1":{"name":"(anonymous_1)","line":13,"loc":{"start":{"line":13,"column":17},"end":{"line":13,"column":35}}}},"statementMap":{"1":{"start":{"line":3,"column":0},"end":{"line":3,"column":38}},"2":{"start":{"line":4,"column":0},"end":{"line":4,"column":36}},"3":{"start":{"line":5,"column":0},"end":{"line":5,"column":40}},"4":{"start":{"line":7,"column":0},"end":{"line":7,"column":79}},"5":{"start":{"line":8,"column":0},"end":{"line":8,"column":74}},"6":{"start":{"line":13,"column":0},"end":{"line":41,"column":2}},"7":{"start":{"line":14,"column":4},"end":{"line":40,"column":7}},"8":{"start":{"line":16,"column":8},"end":{"line":16,"column":63}},"9":{"start":{"line":19,"column":8},"end":{"line":19,"column":73}},"10":{"start":{"line":22,"column":8},"end":{"line":22,"column":78}},"11":{"start":{"line":23,"column":8},"end":{"line":23,"column":78}},"12":{"start":{"line":26,"column":8},"end":{"line":26,"column":38}},"13":{"start":{"line":30,"column":8},"end":{"line":34,"column":9}},"14":{"start":{"line":31,"column":12},"end":{"line":33,"column":13}},"15":{"start":{"line":32,"column":16},"end":{"line":32,"column":40}},"16":{"start":{"line":37,"column":8},"end":{"line":39,"column":11}},"17":{"start":{"line":38,"column":12},"end":{"line":38,"column":58}}},"branchMap":{"1":{"line":7,"type":"binary-expr","locations":[{"start":{"line":7,"column":30},"end":{"line":7,"column":61}},{"start":{"line":7,"column":67},"end":{"line":7,"column":78}}]},"2":{"line":8,"type":"binary-expr","locations":[{"start":{"line":8,"column":30},"end":{"line":8,"column":56}},{"start":{"line":8,"column":67},"end":{"line":8,"column":73}}]},"3":{"line":31,"type":"if","locations":[{"start":{"line":31,"column":12},"end":{"line":31,"column":12}},{"start":{"line":31,"column":12},"end":{"line":31,"column":12}}]},"4":{"line":31,"type":"binary-expr","locations":[{"start":{"line":31,"column":16},"end":{"line":31,"column":26}},{"start":{"line":31,"column":30},"end":{"line":31,"column":80}}]},"5":{"line":38,"type":"cond-expr","locations":[{"start":{"line":38,"column":27},"end":{"line":38,"column":38}},{"start":{"line":38,"column":41},"end":{"line":38,"column":57}}]}}},"/Users/Inlife/Projects/noxcaos-render/nexrender/renderer/tasks/download.js":{"path":"/Users/Inlife/Projects/noxcaos-render/nexrender/renderer/tasks/download.js","s":{"1":1,"2":1,"3":3,"4":3,"5":3,"6":3,"7":3,"8":7,"9":7,"10":3,"11":3,"12":3},"b":{"1":[3,4],"2":[1,2]},"f":{"1":3},"fnMap":{"1":{"name":"(anonymous_1)","line":8,"loc":{"start":{"line":8,"column":17},"end":{"line":8,"column":35}}}},"statementMap":{"1":{"start":{"line":3,"column":0},"end":{"line":3,"column":37}},"2":{"start":{"line":8,"column":0},"end":{"line":34,"column":2}},"3":{"start":{"line":9,"column":4},"end":{"line":33,"column":7}},"4":{"start":{"line":11,"column":8},"end":{"line":11,"column":63}},"5":{"start":{"line":14,"column":8},"end":{"line":14,"column":40}},"6":{"start":{"line":17,"column":8},"end":{"line":17,"column":42}},"7":{"start":{"line":20,"column":8},"end":{"line":27,"column":9}},"8":{"start":{"line":21,"column":12},"end":{"line":21,"column":38}},"9":{"start":{"line":24,"column":12},"end":{"line":26,"column":13}},"10":{"start":{"line":25,"column":16},"end":{"line":25,"column":46}},"11":{"start":{"line":30,"column":8},"end":{"line":32,"column":11}},"12":{"start":{"line":31,"column":12},"end":{"line":31,"column":58}}},"branchMap":{"1":{"line":24,"type":"if","locations":[{"start":{"line":24,"column":12},"end":{"line":24,"column":12}},{"start":{"line":24,"column":12},"end":{"line":24,"column":12}}]},"2":{"line":31,"type":"cond-expr","locations":[{"start":{"line":31,"column":27},"end":{"line":31,"column":38}},{"start":{"line":31,"column":41},"end":{"line":31,"column":57}}]}}}}