TN:
SF:/Users/Inlife/Projects/noxcaos-render/nexrender/renderer/tasks/setup.js
FN:13,(anonymous_1)
FNF:1
FNH:1
FNDA:5,(anonymous_1)
DA:3,1
DA:4,1
DA:5,1
DA:7,1
DA:8,1
DA:13,1
DA:14,5
DA:16,5
DA:19,5
DA:22,5
DA:23,4
DA:26,4
DA:30,4
DA:31,1
DA:32,1
DA:37,3
DA:38,3
LF:17
LH:17
BRDA:7,1,0,1
BRDA:7,1,1,0
BRDA:8,2,0,1
BRDA:8,2,1,0
BRDA:31,3,0,1
BRDA:31,3,1,0
BRDA:31,4,0,1
BRDA:31,4,1,1
BRDA:38,5,0,0
BRDA:38,5,1,3
BRF:10
BRH:6
end_of_record
TN:
SF:/Users/Inlife/Projects/noxcaos-render/nexrender/renderer/tasks/download.js
FN:8,(anonymous_1)
FNF:1
FNH:1
FNDA:3,(anonymous_1)
DA:3,1
DA:8,1
DA:9,3
DA:11,3
DA:14,3
DA:17,3
DA:20,3
DA:21,7
DA:24,7
DA:25,3
DA:30,3
DA:31,3
LF:12
LH:12
BRDA:24,1,0,3
BRDA:24,1,1,4
BRDA:31,2,0,1
BRDA:31,2,1,2
BRF:4
BRH:4
end_of_record
